
**** Build of configuration Nios II for project accelerometer_pen ****

make all 
Info: Building ../accelerometer_pen_bsp/
make --no-print-directory -C ../accelerometer_pen_bsp/
[BSP build complete]
Info: Compiling hello_ucosii.c to obj/default/hello_ucosii.o
nios2-elf-gcc -xc -MP -MMD -c -I../accelerometer_pen_bsp//HAL/inc -I../accelerometer_pen_bsp/ -I../accelerometer_pen_bsp//drivers/inc  -DSYSTEM_BUS_WIDTH=32 -pipe -D__hal__ -DALT_NO_INSTRUCTION_EMULATION -DALT_SINGLE_THREADED    -O0 -g -Wall   -EL -mno-hw-div -mno-hw-mul -mno-hw-mulx  -o obj/default/hello_ucosii.o hello_ucosii.c
In file included from hello_ucosii.c:31:
../accelerometer_pen_bsp//HAL/inc/includes.h:22:23: error: os_cfg.h: No such file or directory
../accelerometer_pen_bsp//HAL/inc/includes.h:23:24: error: ucos_ii.h: No such file or directory
hello_ucosii.c:53: error: expected '=', ',', ';', 'asm' or '__attribute__' before '*' token
hello_ucosii.c:54: error: expected '=', ',', ';', 'asm' or '__attribute__' before '*' token
hello_ucosii.c: In function 'taskLCD':
hello_ucosii.c:63: warning: implicit declaration of function 'alt_printf'
hello_ucosii.c:67: warning: implicit declaration of function 'OSQPend'
hello_ucosii.c:67: error: 'SWQ' undeclared (first use in this function)
hello_ucosii.c:67: error: (Each undeclared identifier is reported only once
hello_ucosii.c:67: error: for each function it appears in.)
hello_ucosii.c:79: warning: implicit declaration of function 'OSTimeDlyHMSM'
hello_ucosii.c: In function 'taskSW':
hello_ucosii.c:87: warning: implicit declaration of function 'OSQPost'
hello_ucosii.c:87: error: 'SWQ' undeclared (first use in this function)
hello_ucosii.c: In function 'taskRS232':
hello_ucosii.c:110: error: 'SWQ' undeclared (first use in this function)
hello_ucosii.c:134: warning: passing argument 3 of 'alt_up_rs232_read_data' from incompatible pointer type
hello_ucosii.c: In function 'main':
hello_ucosii.c:144: warning: implicit declaration of function 'OSInit'
hello_ucosii.c:145: error: 'SWQ' undeclared (first use in this function)
hello_ucosii.c:145: warning: implicit declaration of function 'OSQCreate'
hello_ucosii.c:146: error: 'RS232Q' undeclared (first use in this function)
hello_ucosii.c:147: warning: implicit declaration of function 'OSTaskCreateExt'
hello_ucosii.c:156: warning: implicit declaration of function 'OSStart'
make: *** [obj/default/hello_ucosii.o] Error 1

**** Build Finished ****
